<?xml version="1.0" encoding="UTF-8"?>
<!-- Generated by org.testng.reporters.JUnitReportReporter -->
<testsuite hostname="Chintans-MacBook-Pro.local" failures="0" tests="2" name="livesteadfast.AppiumFramework.ecommerce_tc_4" time="28.335" errors="0" timestamp="2020-08-04T20:00:27 IST" skipped="0">
  <testcase classname="livesteadfast.AppiumFramework.ecommerce_tc_4" name="totalValidation" time="13.475"/>
  <system-out/>
  <testcase classname="livesteadfast.AppiumFramework.ecommerce_tc_4" name="totalValidation" time="14.860"/>
  <system-out/>
</testsuite> <!-- livesteadfast.AppiumFramework.ecommerce_tc_4 -->
