<?xml version="1.0" encoding="UTF-8"?>
<!-- Generated by org.testng.reporters.JUnitReportReporter -->
<testsuite skipped="0" hostname="Chintans-MacBook-Pro.local" name="livesteadfast.AppiumFramework.ecommerce_tc_4" tests="2" failures="0" timestamp="04 Aug 2020 16:19:58 GMT" time="77.390" errors="0">
  <testcase name="totalValidation" time="37.625" classname="livesteadfast.AppiumFramework.ecommerce_tc_4"/>
  <testcase name="totalValidation" time="39.765" classname="livesteadfast.AppiumFramework.ecommerce_tc_4"/>
</testsuite> <!-- livesteadfast.AppiumFramework.ecommerce_tc_4 -->
